<?xml version="1.0" encoding="UTF-8"?>
<!-- Generated by org.testng.reporters.JUnitReportReporter -->
<testsuite skipped="0" hostname="DESKTOP-RUAD0RO" name="com.infosys.netBanking.testCases.TC_001" tests="1" failures="0" timestamp="01 Feb 2020 05:28:49 GMT" time="19.886" errors="0">
  <testcase name="test_001" time="19.886" classname="com.infosys.netBanking.testCases.TC_001"/>
</testsuite> <!-- com.infosys.netBanking.testCases.TC_001 -->
